-- BankRisk Application Log (AI Risk Engine + Business Logic)
-- Format: [TIMESTAMP] [LEVEL] [MODULE] Message
-- Logger: credit.views / credit.logic / auth_app
-- Environment: Production

----------------------------------------------------------------------
 DATE: 2026-06-11
----------------------------------------------------------------------

[2026-06-11 07:04:22.548] [INFO]  [auth_app.views] User karim.benali@gmail.com authenticated successfully. JWT issued. Expiry: 8h
[2026-06-11 07:04:23.130] [INFO]  [credit.views.application_views] Retrieved 2 applications for client 6632a4f1b3e2c7a0f9d11231
[2026-06-11 07:04:25.015] [INFO]  [credit.views.message_views] Retrieved 0 messages for karim.benali@gmail.com

[2026-06-11 07:06:11.890] [INFO]  [credit.views.application_views] 📊 Estimation demandée pour: {'age': 34, 'job': 2, 'housing': 'rent', 'saving_accounts': 'moderate', 'credit_amount': 8000, 'duration': 36}
[2026-06-11 07:06:11.991] [INFO]  [credit.logic] KNN model loaded. Dataset: German Credit (1000 records)
[2026-06-11 07:06:12.014] [INFO]  [credit.logic] Neighbors found: 5. Risk score: 34.1% -> Category: good
[2026-06-11 07:06:12.021] [INFO]  [credit.logic] Interest rate computed: base=5.5% + risk_premium=1.9% = 7.4%

[2026-06-11 07:06:45.340] [INFO]  [credit.views.application_views] 📊 Estimation demandée pour: {'age': 34, 'job': 2, 'housing': 'rent', 'saving_accounts': 'moderate', 'credit_amount': 12000, 'duration': 48}
[2026-06-11 07:06:45.462] [INFO]  [credit.logic] KNN model loaded. Dataset: German Credit (1000 records)
[2026-06-11 07:06:45.479] [INFO]  [credit.logic] Neighbors found: 5. Risk score: 38.2% -> Category: good
[2026-06-11 07:06:45.485] [INFO]  [credit.logic] Interest rate computed: base=5.5% + risk_premium=2.6% = 8.1%

[2026-06-11 07:07:34.928] [INFO]  [credit.views.application_views] Creating credit application for user karim.benali@gmail.com
[2026-06-11 07:07:34.944] [INFO]  [credit.views.application_views] Client already exists: id=6632a4f1b3e2c7a0f9d11231
[2026-06-11 07:07:34.978] [INFO]  [credit.views.application_views] Application data validated successfully.
[2026-06-11 07:07:35.002] [INFO]  [credit.views.application_views] Application saved: id=6632b9c0d4e1f8b2a0c53418
[2026-06-11 07:07:35.004] [INFO]  [credit.logic] --- Starting AI Risk Analysis ---
[2026-06-11 07:07:35.005] [INFO]  [credit.logic] Input features: age=34, sex=male, job=2, housing=rent, saving_accounts=moderate, checking_account=little, credit_amount=12000.0, duration=48
[2026-06-11 07:07:35.019] [INFO]  [credit.logic] KNN (k=5) computation complete. Nearest neighbors distances: [0.142, 0.198, 0.221, 0.267, 0.289]
[2026-06-11 07:07:35.021] [INFO]  [credit.logic] Risk votes: good=4, bad=1 -> Final risk: good (score=38.2%)
[2026-06-11 07:07:35.023] [INFO]  [credit.logic] Interest rate: 5.5 + 2.60 = 8.10%
[2026-06-11 07:07:35.041] [INFO]  [credit.views.application_views] ✅ AI Analysis completed for app 6632b9c0d4e1f8b2a0c53418: Risk=good, Rate=8.1%
[2026-06-11 07:07:35.043] [INFO]  [credit.views.application_views] Application updated with AI results and saved.
[2026-06-11 07:09:02.776] [INFO]  [auth_app.views] User karim.benali@gmail.com logged out. Token blacklisted.

----------------------------------------------------------------------

[2026-06-11 07:45:18.308] [INFO]  [auth_app.views] Admin admin@btk-bank.dz authenticated successfully. JWT issued. Role: admin
[2026-06-11 07:45:19.005] [INFO]  [credit.views.application_views] Retrieved 28 applications (admin global list)
[2026-06-11 07:45:19.315] [INFO]  [credit.views.stats_views] Global stats computed: total=28, pending=11, approved=12, rejected=5

[2026-06-11 07:47:05.504] [INFO]  [credit.views.application_views] Admin admin@btk-bank.dz evaluating application 6632b9c0d4e1f8b2a0c53418
[2026-06-11 07:47:05.518] [INFO]  [credit.views.application_views] Evaluated application 6632b9c0d4e1f8b2a0c53418: status=approved, risk=good
[2026-06-11 07:47:48.125] [INFO]  [credit.views.message_views] Message created: sender=admin@btk-bank.dz, recipient=karim.benali@gmail.com, subject="Décision sur votre demande de crédit"
[2026-06-11 07:47:48.181] [INFO]  [credit.views.message_views] Attachment saved: accord_credit_K.BENALI.pdf (188416 bytes)
[2026-06-11 07:47:48.201] [INFO]  [credit.views.message_views] Message dispatched to thread_id=6632ca4e8f1b2c3d4e5f6789

[2026-06-11 07:51:12.892] [INFO]  [credit.views.application_views] Admin reviewing application 6631f7a2b3c4d5e6f7a81102 (client: sara.menasri@outlook.com)
[2026-06-11 07:52:44.016] [INFO]  [credit.views.application_views] Evaluated application 6631f7a2b3c4d5e6f7a81102: status=rejected, risk=bad
[2026-06-11 07:53:02.778] [INFO]  [credit.views.message_views] Message created: sender=admin@btk-bank.dz, recipient=sara.menasri@outlook.com, subject="Information sur votre dossier de crédit"
[2026-06-11 07:53:02.809] [INFO]  [credit.views.message_views] Attachment saved: lettre_refus_S.MENASRI.pdf (172032 bytes)
[2026-06-11 08:02:31.450] [INFO]  [auth_app.views] Admin admin@btk-bank.dz logged out. Token blacklisted.

----------------------------------------------------------------------

[2026-06-11 08:30:05.122] [INFO]  [auth_app.views] User sara.menasri@outlook.com authenticated successfully. JWT issued. Expiry: 8h
[2026-06-11 08:30:06.025] [INFO]  [credit.views.application_views] Retrieved 1 applications for client 6631c9d0e2f3a4b5c6d71009
[2026-06-11 08:30:07.450] [INFO]  [credit.views.message_views] Retrieved 1 messages for sara.menasri@outlook.com (1 non lu)
[2026-06-11 08:30:09.205] [INFO]  [credit.views.message_views] Attachment 6632c1a4b5d6e7f8a09b2244 requested for download by sara.menasri@outlook.com
[2026-06-11 08:30:09.221] [INFO]  [credit.views.message_views] Serving file: lettre_refus_S.MENASRI.pdf (168 KB)
[2026-06-11 08:34:22.999] [INFO]  [credit.views.message_views] Client reply created: thread_id=6632cc1e9a2b3c4d5e6f7801, text_length=124 chars
[2026-06-11 08:35:01.336] [INFO]  [auth_app.views] User sara.menasri@outlook.com logged out. Token blacklisted.

----------------------------------------------------------------------

[2026-06-11 09:12:44.503] [INFO]  [auth_app.views] New user registered: yacine.hamidi@yahoo.fr
[2026-06-11 09:12:44.800] [INFO]  [auth_app.views] User yacine.hamidi@yahoo.fr authenticated successfully. JWT issued.
[2026-06-11 09:15:18.780] [INFO]  [credit.views.application_views] 📊 Estimation demandée pour: {'age': 27, 'job': 1, 'housing': 'rent', 'saving_accounts': 'little', 'credit_amount': 5000, 'duration': 24}
[2026-06-11 09:15:18.879] [INFO]  [credit.logic] KNN (k=5) computation complete. Risk votes: good=2, bad=3 -> Final risk: bad (score=61.5%)
[2026-06-11 09:15:18.882] [INFO]  [credit.logic] Interest rate: 5.5 + 5.7 = 11.2%

[2026-06-11 09:17:02.338] [INFO]  [credit.views.application_views] Client not found for yacine.hamidi@yahoo.fr - creating new client profile
[2026-06-11 09:17:02.349] [INFO]  [credit.views.application_views] Created new client for yacine.hamidi@yahoo.fr (id=6632d1a0b2c3d4e5f6071234)
[2026-06-11 09:17:02.361] [INFO]  [credit.views.application_views] Application saved: id=6632d1c0e2f3a4b5c6d81452
[2026-06-11 09:17:02.363] [INFO]  [credit.logic] --- Starting AI Risk Analysis ---
[2026-06-11 09:17:02.374] [INFO]  [credit.logic] Input features: age=27, sex=male, job=1, housing=rent, saving_accounts=little, checking_account=NA, credit_amount=5000.0, duration=24
[2026-06-11 09:17:02.387] [INFO]  [credit.logic] KNN (k=5) neighbors: [0.177, 0.214, 0.239, 0.295, 0.311]
[2026-06-11 09:17:02.389] [INFO]  [credit.logic] Risk: bad (score=61.5%), interest_rate=11.2%
[2026-06-11 09:17:02.395] [INFO]  [credit.views.application_views] ✅ AI Analysis completed for app 6632d1c0e2f3a4b5c6d81452: Risk=bad, Rate=11.2%

----------------------------------------------------------------------

[2026-06-11 10:05:33.885] [INFO]  [auth_app.views] Admin admin@btk-bank.dz authenticated. Role: admin
[2026-06-11 10:05:34.444] [INFO]  [credit.views.client_views] Retrieved 12 clients (admin list)
[2026-06-11 10:05:50.115] [INFO]  [credit.views.client_views] Client 6632a4f1b3e2c7a0f9d11231 updated: checking_account: little -> rich
[2026-06-11 10:06:44.907] [INFO]  [credit.views.client_views] New client created manually by admin: leila.brahimi@email.dz, id=6632d3a1b2c3d4e5f7091566
[2026-06-11 10:07:12.007] [INFO]  [credit.views.stats_views] Global stats computed: total=29, pending=12, approved=12, rejected=5
[2026-06-11 10:08:44.324] [INFO]  [credit.views.stats_views] Risk distribution: good=16 (55.2%), bad=13 (44.8%)
[2026-06-11 10:22:01.004] [INFO]  [auth_app.views] Admin admin@btk-bank.dz logged out. Token blacklisted.

----------------------------------------------------------------------
 WARNINGS & ERRORS
----------------------------------------------------------------------

[2026-06-11 11:14:05.005] [WARNING] [auth_app.views] Failed login attempt for unknown user from IP 82.141.22.90 (attempt 1/3)
[2026-06-11 11:14:06.315] [WARNING] [auth_app.views] Failed login attempt for unknown user from IP 82.141.22.90 (attempt 2/3)
[2026-06-11 11:14:07.110] [WARNING] [auth_app.views] Failed login attempt from IP 82.141.22.90 (attempt 3/3) - Rate limit applied
[2026-06-11 11:14:07.512] [WARNING] [auth_app.views] Rate limit triggered for IP 82.141.22.90. Blocking for 15 minutes.
[2026-06-11 11:18:32.444] [WARNING] [credit.views.application_views] Unauthorized access attempt: no JWT token provided. IP=45.134.167.55
[2026-06-11 11:18:33.004] [INFO]  [django.request] Redirecting /admin/ to /admin/login/ for unauthenticated request from 45.134.167.55
